<?xml version="1.0" encoding="UTF-8"?>
<!-- Generated by org.testng.reporters.JUnitXMLReporter -->
<testsuite ignored="0" hostname="Amans-MacBook-Pro.local" failures="0" tests="2" name="Account_Registration" time="13.369" errors="0" timestamp="2025-06-25T08:20:07 EDT">
  <testcase classname="testCases.TC001_AccountRegistrationTest" name="verify_account_registration" time="3.642"/>
  <testcase classname="testCases.TC002_AccountLoginTest" name="verify_account_login" time="4.916"/>
</testsuite> <!-- Account_Registration -->
