<?xml version="1.0" encoding="UTF-8"?>
<!-- Generated by org.testng.reporters.JUnitXMLReporter -->
<testsuite ignored="0" hostname="Amans-MacBook-Pro.local" failures="0" tests="2" name="Account_Registration" time="16.403" errors="0" timestamp="2025-06-24T13:34:55 EDT">
  <testcase classname="testCases.TC001_AccountRegistrationTest" name="verify_account_registration" time="4.117"/>
  <testcase classname="testCases.TC002_AccountLoginTest" name="verify_account_login" time="5.952"/>
</testsuite> <!-- Account_Registration -->
